2022-03-15 00:23:48,360 [1] INFO  RepositoryUser - Creating RepositoryUser.
2022-03-15 00:23:48,502 [1] INFO  RepositoryUser - Finding user with ID: 1.
2022-03-15 00:23:48,639 [1] INFO  RepositoryUser - Found user: MusicFestivalMPP.model.User.
2022-03-15 00:23:48,640 [1] INFO  RepositoryPerformance - Creating RepositoryPerformance.
2022-03-15 00:23:48,641 [1] INFO  RepositoryUser - Creating RepositoryTicket.
2022-03-15 00:23:48,642 [1] INFO  RepositoryPerformance - Finding performace with ID: 14.
2022-03-15 00:23:48,647 [1] INFO  RepositoryPerformance - Sold tickets.
2022-03-15 00:23:48,650 [1] INFO  RepositoryPerformance - 2
2022-03-15 00:23:48,651 [1] INFO  RepositoryPerformance - Found performance: MusicFestivalMPP.model.Performance.
2022-03-15 00:23:48,653 [1] INFO  RepositoryUser - Finding performance for the ticket with ID: 15.
2022-03-15 00:23:48,654 [1] INFO  RepositoryUser - Sold tickets.
2022-03-15 00:23:48,654 [1] INFO  RepositoryUser - 0
2022-03-15 00:23:48,656 [1] INFO  RepositoryUser - Found performance: MusicFestivalMPP.model.Performance.
2022-03-15 11:01:45,305 [1] INFO  RepositoryUser - Creating RepositoryUser.
2022-03-15 11:01:45,716 [1] INFO  RepositoryUser - Finding user with ID: 1.
2022-03-15 11:01:46,149 [1] INFO  RepositoryUser - Found user: MusicFestivalMPP.model.User.
2022-03-15 11:01:46,154 [1] INFO  RepositoryPerformance - Creating RepositoryPerformance.
2022-03-15 11:01:46,155 [1] INFO  RepositoryUser - Creating RepositoryTicket.
2022-03-15 11:01:46,157 [1] INFO  RepositoryPerformance - Finding performace with ID: 14.
2022-03-15 11:01:46,164 [1] INFO  RepositoryPerformance - Sold tickets.
2022-03-15 11:01:46,168 [1] INFO  RepositoryPerformance - 2
2022-03-15 11:01:46,169 [1] INFO  RepositoryPerformance - Found performance: MusicFestivalMPP.model.Performance.
2022-03-15 11:01:46,171 [1] INFO  RepositoryUser - Finding performance for the ticket with ID: 15.
2022-03-15 11:01:46,173 [1] INFO  RepositoryUser - Sold tickets.
2022-03-15 11:01:46,174 [1] INFO  RepositoryUser - 0
2022-03-15 11:01:46,174 [1] INFO  RepositoryUser - Found performance: MusicFestivalMPP.model.Performance.
2022-03-15 11:06:36,657 [1] INFO  RepositoryUser - Creating RepositoryUser.
2022-03-15 11:06:36,712 [1] INFO  RepositoryUser - Finding user with ID: 1.
2022-03-15 11:06:36,906 [1] INFO  RepositoryUser - Found user: MusicFestivalMPP.model.User.
2022-03-15 11:06:36,909 [1] INFO  RepositoryPerformance - Creating RepositoryPerformance.
2022-03-15 11:06:36,912 [1] INFO  RepositoryUser - Creating RepositoryTicket.
2022-03-15 11:06:36,913 [1] INFO  RepositoryPerformance - Finding performace with ID: 14.
2022-03-15 11:06:36,915 [1] INFO  RepositoryPerformance - Sold tickets.
2022-03-15 11:06:36,921 [1] INFO  RepositoryPerformance - 2
2022-03-15 11:06:36,922 [1] INFO  RepositoryPerformance - Found performance: MusicFestivalMPP.model.Performance.
2022-03-15 11:06:36,929 [1] INFO  RepositoryUser - Finding performance for the ticket with ID: 15.
2022-03-15 11:06:36,931 [1] INFO  RepositoryUser - Sold tickets.
2022-03-15 11:06:36,931 [1] INFO  RepositoryUser - 0
2022-03-15 11:06:36,931 [1] INFO  RepositoryUser - Found performance: MusicFestivalMPP.model.Performance.
2022-03-15 13:09:24,875 [1] INFO  RepositoryUser - Creating RepositoryUser.
2022-03-15 13:09:24,911 [1] INFO  RepositoryUser - Finding user with ID: 1.
2022-03-15 13:09:25,078 [1] INFO  RepositoryUser - Found user: MusicFestivalMPP.model.User.
2022-03-15 13:09:25,097 [1] INFO  RepositoryPerformance - Creating RepositoryPerformance.
2022-03-15 13:09:25,098 [1] INFO  RepositoryUser - Creating RepositoryTicket.
2022-03-15 13:09:25,099 [1] INFO  RepositoryPerformance - Finding performace with ID: 14.
2022-03-15 13:09:25,101 [1] INFO  RepositoryPerformance - Sold tickets.
2022-03-15 13:09:25,106 [1] INFO  RepositoryPerformance - 2
2022-03-15 13:09:25,108 [1] INFO  RepositoryPerformance - Found performance: MusicFestivalMPP.model.Performance.
2022-03-15 13:09:25,110 [1] INFO  RepositoryUser - Finding performance for the ticket with ID: 15.
2022-03-15 13:09:25,112 [1] INFO  RepositoryUser - Sold tickets.
2022-03-15 13:09:25,112 [1] INFO  RepositoryUser - 0
2022-03-15 13:09:25,112 [1] INFO  RepositoryUser - Found performance: MusicFestivalMPP.model.Performance.
2022-03-15 17:30:46,183 [1] INFO  RepositoryUser - Creating RepositoryUser.
2022-03-15 17:30:46,211 [1] INFO  RepositoryUser - Finding user with ID: 1.
2022-03-15 17:30:46,328 [1] INFO  RepositoryUser - Found user: MusicFestivalMPP.model.User.
2022-03-15 17:30:46,330 [1] INFO  RepositoryPerformance - Creating RepositoryPerformance.
2022-03-15 17:30:46,330 [1] INFO  RepositoryUser - Creating RepositoryTicket.
2022-03-15 17:30:46,330 [1] INFO  RepositoryPerformance - Finding performance with ID: 14.
2022-03-15 17:30:46,332 [1] INFO  RepositoryPerformance - Sold tickets.
2022-03-15 17:30:46,334 [1] INFO  RepositoryPerformance - 2
2022-03-15 17:30:46,335 [1] INFO  RepositoryPerformance - Found performance: MusicFestivalMPP.model.Performance.
2022-03-15 17:30:46,336 [1] INFO  RepositoryUser - Finding performance for the ticket with ID: 15.
2022-03-15 17:30:46,336 [1] INFO  RepositoryUser - Sold tickets.
2022-03-15 17:30:46,336 [1] INFO  RepositoryUser - 0
2022-03-15 17:30:46,337 [1] INFO  RepositoryUser - Found performance: MusicFestivalMPP.model.Performance.
2022-03-15 17:39:45,578 [1] INFO  RepositoryUser - Creating RepositoryUser.
2022-03-15 17:39:45,758 [1] INFO  RepositoryUser - Finding user with ID: 1.
2022-03-15 17:39:45,985 [1] INFO  RepositoryUser - Found user: MusicFestivalMPP.model.User.
2022-03-15 17:39:45,985 [1] INFO  RepositoryPerformance - Creating RepositoryPerformance.
2022-03-15 17:39:45,994 [1] INFO  RepositoryUser - Creating RepositoryTicket.
2022-03-15 17:39:45,994 [1] INFO  RepositoryPerformance - Finding performance with ID: 14.
2022-03-15 17:39:45,999 [1] INFO  RepositoryPerformance - Sold tickets.
2022-03-15 17:39:46,001 [1] INFO  RepositoryPerformance - 2
2022-03-15 17:39:46,001 [1] INFO  RepositoryPerformance - Found performance: MusicFestivalMPP.model.Performance.
2022-03-15 17:39:46,002 [1] INFO  RepositoryUser - Finding performance for the ticket with ID: 15.
2022-03-15 17:39:46,003 [1] INFO  RepositoryUser - Sold tickets.
2022-03-15 17:39:46,004 [1] INFO  RepositoryUser - 0
2022-03-15 17:39:46,004 [1] INFO  RepositoryUser - Found performance: MusicFestivalMPP.model.Performance.
2022-03-23 12:23:27,305 [1] INFO  RepositoryUser - Creating RepositoryUser.
2022-03-23 12:23:27,474 [1] INFO  RepositoryUser - Finding user with ID: 1.
2022-03-23 12:23:27,733 [1] INFO  RepositoryUser - Found user: MusicFestivalMPP.model.User.
2022-03-23 12:23:27,735 [1] INFO  RepositoryPerformance - Creating RepositoryPerformance.
2022-03-23 12:23:27,737 [1] INFO  RepositoryPerformance - Saving performance: EC live at 22/06/2022 19:00 in Bontida, available seats: 2000 sold seats: 0.
2022-03-23 12:23:27,743 [1] INFO  RepositoryPerformance - Saved 1 instances.
2022-03-23 12:23:27,744 [1] INFO  RepositoryUser - Creating RepositoryTicket.
2022-03-23 12:24:15,547 [1] INFO  RepositoryUser - Creating RepositoryUser.
2022-03-23 12:24:15,572 [1] INFO  RepositoryUser - Finding user with ID: 1.
2022-03-23 12:24:15,638 [1] INFO  RepositoryUser - Found user: MusicFestivalMPP.model.User.
2022-03-23 12:24:15,651 [1] INFO  RepositoryPerformance - Creating RepositoryPerformance.
2022-03-23 12:24:15,652 [1] INFO  RepositoryPerformance - Saving performance: EC live at 22/06/2022 19:00 in Bontida, available seats: 2000 sold seats: 0.
2022-03-23 12:24:15,663 [1] INFO  RepositoryPerformance - Saved 1 instances.
2022-03-23 12:24:15,664 [1] INFO  RepositoryUser - Creating RepositoryTicket.
2022-03-23 12:24:15,664 [1] INFO  RepositoryUser - Saving ticket: MusicFestivalMPP.model.Ticket.
2022-03-23 12:24:15,674 [1] INFO  RepositoryUser - Saved 1 instances.
2022-03-23 12:25:09,704 [1] INFO  RepositoryUser - Creating RepositoryUser.
2022-03-23 12:25:09,723 [1] INFO  RepositoryUser - Finding user with ID: 1.
2022-03-23 12:25:09,793 [1] INFO  RepositoryUser - Found user: MusicFestivalMPP.model.User.
2022-03-23 12:25:09,809 [1] INFO  RepositoryPerformance - Creating RepositoryPerformance.
2022-03-23 12:25:09,810 [1] INFO  RepositoryUser - Creating RepositoryTicket.
2022-03-23 12:25:09,810 [1] INFO  RepositoryPerformance - Finding performance with ID: 30.
2022-03-23 12:25:09,816 [1] INFO  RepositoryPerformance - Sold tickets.
2022-03-23 12:25:09,817 [1] INFO  RepositoryPerformance - 2
2022-03-23 12:25:09,817 [1] INFO  RepositoryPerformance - Found performance: EC live at 22/06/2022 19:00 in Bontida, available seats: 1998 sold seats: 2.
2022-03-23 12:30:49,394 [1] INFO  RepositoryUser - Creating RepositoryUser.
2022-03-23 12:30:49,414 [1] INFO  RepositoryUser - Finding user with ID: 1.
2022-03-23 12:30:49,489 [1] INFO  RepositoryUser - Found user: MusicFestivalMPP.model.User.
2022-03-23 12:30:49,500 [1] INFO  RepositoryPerformance - Creating RepositoryPerformance.
2022-03-23 12:30:49,500 [1] INFO  RepositoryUser - Creating RepositoryTicket.
2022-03-23 12:30:49,501 [1] INFO  RepositoryPerformance - Finding performance with ID: 30.
2022-03-23 12:30:49,504 [1] INFO  RepositoryPerformance - Sold tickets.
2022-03-23 12:30:49,505 [1] INFO  RepositoryPerformance - 2
2022-03-23 12:30:49,505 [1] INFO  RepositoryPerformance - Found performance: EC live at 22/06/2022 19:00 in Bontida, available seats: 1998 sold seats: 2.
2022-03-23 12:30:49,506 [1] INFO  RepositoryUser - Finding performance for the ticket with ID: 36.
2022-03-23 12:30:49,507 [1] INFO  RepositoryUser - Sold tickets.
2022-03-23 12:30:49,507 [1] INFO  RepositoryUser - 0
2022-03-23 12:30:49,507 [1] INFO  RepositoryUser - Found performance: EC live at 22/06/2022 19:00 in Bontida, available seats: 2000 sold seats: 0.
2022-03-23 12:30:49,508 [1] INFO  RepositoryPerformance - Finding all performances for the day: 06/22/2022 00:00:00.
2022-03-23 12:30:49,515 [1] INFO  RepositoryPerformance - Exit FindAll for a day.
2022-03-23 12:33:01,913 [1] INFO  RepositoryUser - Creating RepositoryUser.
2022-03-23 12:33:01,932 [1] INFO  RepositoryUser - Finding user with ID: 1.
2022-03-23 12:33:02,010 [1] INFO  RepositoryUser - Found user: MusicFestivalMPP.model.User.
2022-03-23 12:33:02,015 [1] INFO  RepositoryPerformance - Creating RepositoryPerformance.
2022-03-23 12:33:02,015 [1] INFO  RepositoryUser - Creating RepositoryTicket.
2022-03-23 12:33:02,016 [1] INFO  RepositoryPerformance - Finding performance with ID: 30.
2022-03-23 12:33:02,017 [1] INFO  RepositoryPerformance - Sold tickets.
2022-03-23 12:33:02,018 [1] INFO  RepositoryPerformance - 2
2022-03-23 12:33:02,019 [1] INFO  RepositoryPerformance - Found performance: EC live at 22/06/2022 19:00 in Bontida, available seats: 1998 sold seats: 2.
2022-03-23 12:33:02,020 [1] INFO  RepositoryUser - Finding performance for the ticket with ID: 36.
2022-03-23 12:33:02,021 [1] INFO  RepositoryUser - Sold tickets.
2022-03-23 12:33:02,021 [1] INFO  RepositoryUser - 0
2022-03-23 12:33:02,021 [1] INFO  RepositoryUser - Found performance: EC live at 22/06/2022 19:00 in Bontida, available seats: 2000 sold seats: 0.
2022-03-23 12:33:02,022 [1] INFO  RepositoryPerformance - Finding all performances for the day: 06/22/2022 00:00:00.
2022-03-23 12:33:02,023 [1] INFO  RepositoryPerformance - Exit FindAll for a day.
2022-03-23 12:33:40,755 [1] INFO  RepositoryUser - Creating RepositoryUser.
2022-03-23 12:33:40,772 [1] INFO  RepositoryUser - Finding user with ID: 1.
2022-03-23 12:33:40,837 [1] INFO  RepositoryUser - Found user: MusicFestivalMPP.model.User.
2022-03-23 12:33:40,849 [1] INFO  RepositoryPerformance - Creating RepositoryPerformance.
2022-03-23 12:33:40,849 [1] INFO  RepositoryUser - Creating RepositoryTicket.
2022-03-23 12:33:40,850 [1] INFO  RepositoryPerformance - Finding performance with ID: 30.
2022-03-23 12:33:40,853 [1] INFO  RepositoryPerformance - Sold tickets.
2022-03-23 12:33:40,853 [1] INFO  RepositoryPerformance - 2
2022-03-23 12:33:40,853 [1] INFO  RepositoryPerformance - Found performance: EC live at 22/06/2022 19:00 in Bontida, available seats: 1998 sold seats: 2.
2022-03-23 12:33:40,856 [1] INFO  RepositoryUser - Finding performance for the ticket with ID: 36.
2022-03-23 12:33:40,856 [1] INFO  RepositoryUser - Sold tickets.
2022-03-23 12:33:40,857 [1] INFO  RepositoryUser - 0
2022-03-23 12:33:40,857 [1] INFO  RepositoryUser - Found performance: EC live at 22/06/2022 19:00 in Bontida, available seats: 2000 sold seats: 0.
2022-03-23 12:33:40,857 [1] INFO  RepositoryPerformance - Finding all performances for the day: 2022-06-22.
2022-03-23 12:33:40,858 [1] INFO  RepositoryPerformance - Exit FindAll for a day.
2022-03-23 12:34:51,580 [1] INFO  RepositoryUser - Creating RepositoryUser.
2022-03-23 12:34:51,596 [1] INFO  RepositoryUser - Finding user with ID: 1.
2022-03-23 12:34:51,681 [1] INFO  RepositoryUser - Found user: MusicFestivalMPP.model.User.
2022-03-23 12:34:51,684 [1] INFO  RepositoryPerformance - Creating RepositoryPerformance.
2022-03-23 12:34:51,684 [1] INFO  RepositoryUser - Creating RepositoryTicket.
2022-03-23 12:34:51,684 [1] INFO  RepositoryPerformance - Finding performance with ID: 30.
2022-03-23 12:34:51,687 [1] INFO  RepositoryPerformance - Sold tickets.
2022-03-23 12:34:51,688 [1] INFO  RepositoryPerformance - 2
2022-03-23 12:34:51,688 [1] INFO  RepositoryPerformance - Found performance: EC live at 22/06/2022 19:00 in Bontida, available seats: 1998 sold seats: 2.
2022-03-23 12:34:51,689 [1] INFO  RepositoryUser - Finding performance for the ticket with ID: 36.
2022-03-23 12:34:51,689 [1] INFO  RepositoryUser - Sold tickets.
2022-03-23 12:34:51,690 [1] INFO  RepositoryUser - 0
2022-03-23 12:34:51,691 [1] INFO  RepositoryUser - Found performance: EC live at 22/06/2022 19:00 in Bontida, available seats: 2000 sold seats: 0.
2022-03-23 12:34:51,691 [1] INFO  RepositoryPerformance - Finding all performances for the day: 2022-06-22.
2022-03-23 12:34:51,694 [1] INFO  RepositoryPerformance - Sold tickets.
2022-03-23 12:34:51,694 [1] INFO  RepositoryPerformance - 2
2022-03-23 12:34:51,694 [1] INFO  RepositoryPerformance - Exit FindAll for a day.
2022-03-24 11:53:35,000 [1] INFO  RepositoryUser - Creating RepositoryUser.
2022-03-24 11:53:35,148 [1] INFO  RepositoryUser - Finding user with ID: 1.
2022-03-24 11:53:35,354 [1] INFO  RepositoryUser - Found user: MusicFestivalMPP.model.User.
2022-03-24 11:53:35,356 [1] INFO  RepositoryPerformance - Creating RepositoryPerformance.
2022-03-24 11:53:35,356 [1] INFO  RepositoryUser - Creating RepositoryTicket.
2022-03-24 11:53:35,357 [1] INFO  RepositoryPerformance - Finding performance with ID: 30.
2022-03-24 11:53:35,359 [1] INFO  RepositoryPerformance - Sold tickets.
2022-03-24 11:53:35,360 [1] INFO  RepositoryPerformance - 2
2022-03-24 11:53:35,361 [1] INFO  RepositoryPerformance - Found performance: EC live at 22/06/2022 19:00 in Bontida, available seats: 1998 sold seats: 2.
2022-03-24 11:53:35,362 [1] INFO  RepositoryUser - Finding performance for the ticket with ID: 36.
2022-03-24 11:53:35,362 [1] INFO  RepositoryUser - Sold tickets.
2022-03-24 11:53:35,362 [1] INFO  RepositoryUser - 0
2022-03-24 11:53:35,362 [1] INFO  RepositoryUser - Found performance: EC live at 22/06/2022 19:00 in Bontida, available seats: 2000 sold seats: 0.
2022-03-24 11:53:35,363 [1] INFO  RepositoryPerformance - Finding all performances for the day: 2022-06-22.
2022-03-24 11:53:35,364 [1] INFO  RepositoryPerformance - Sold tickets.
2022-03-24 11:53:35,364 [1] INFO  RepositoryPerformance - 2
2022-03-24 11:53:35,364 [1] INFO  RepositoryPerformance - Exit FindAll for a day.
2022-03-24 11:54:03,376 [1] INFO  RepositoryUser - Creating RepositoryUser.
2022-03-24 11:54:03,400 [1] INFO  RepositoryUser - Finding user with ID: 1.
2022-03-24 11:54:03,533 [1] INFO  RepositoryUser - Found user: MusicFestivalMPP.model.User.
2022-03-24 11:54:03,535 [1] INFO  RepositoryPerformance - Creating RepositoryPerformance.
2022-03-24 11:54:03,535 [1] INFO  RepositoryUser - Creating RepositoryTicket.
2022-03-24 11:54:03,536 [1] INFO  RepositoryPerformance - Finding performance with ID: 30.
2022-03-24 11:54:03,538 [1] INFO  RepositoryPerformance - Sold tickets.
2022-03-24 11:54:03,539 [1] INFO  RepositoryPerformance - 2
2022-03-24 11:54:03,540 [1] INFO  RepositoryPerformance - Found performance: EC live at 22/06/2022 19:00 in Bontida, available seats: 1998 sold seats: 2.
2022-03-24 11:54:03,540 [1] INFO  RepositoryUser - Finding performance for the ticket with ID: 36.
2022-03-24 11:54:03,540 [1] INFO  RepositoryUser - Sold tickets.
2022-03-24 11:54:03,541 [1] INFO  RepositoryUser - 0
2022-03-24 11:54:03,541 [1] INFO  RepositoryUser - Found performance: EC live at 22/06/2022 19:00 in Bontida, available seats: 2000 sold seats: 0.
2022-03-24 11:54:03,541 [1] INFO  RepositoryPerformance - Finding all performances for the day: 2022-06-22.
2022-03-24 11:54:03,542 [1] INFO  RepositoryPerformance - Sold tickets.
2022-03-24 11:54:03,542 [1] INFO  RepositoryPerformance - 2
2022-03-24 11:54:03,543 [1] INFO  RepositoryPerformance - Exit FindAll for a day.
2022-03-24 11:54:46,221 [1] INFO  RepositoryUser - Creating RepositoryUser.
2022-03-24 11:54:46,235 [1] INFO  RepositoryUser - Finding user with ID: 1.
2022-03-24 11:54:46,322 [1] INFO  RepositoryUser - Found user: MusicFestivalMPP.model.User.
2022-03-24 11:54:46,324 [1] INFO  RepositoryPerformance - Creating RepositoryPerformance.
2022-03-24 11:54:46,324 [1] INFO  RepositoryUser - Creating RepositoryTicket.
2022-03-24 11:54:46,324 [1] INFO  RepositoryPerformance - Finding performance with ID: 30.
2022-03-24 11:54:46,326 [1] INFO  RepositoryPerformance - Sold tickets.
2022-03-24 11:54:46,327 [1] INFO  RepositoryPerformance - 2
2022-03-24 11:54:46,329 [1] INFO  RepositoryPerformance - Found performance: EC live at 22/06/2022 19:00 in Bontida, available seats: 1998 sold seats: 2.
2022-03-24 11:54:46,330 [1] INFO  RepositoryUser - Finding performance for the ticket with ID: 36.
2022-03-24 11:54:46,330 [1] INFO  RepositoryUser - Sold tickets.
2022-03-24 11:54:46,330 [1] INFO  RepositoryUser - 0
2022-03-24 11:54:46,331 [1] INFO  RepositoryUser - Found performance: EC live at 22/06/2022 19:00 in Bontida, available seats: 2000 sold seats: 0.
2022-03-24 11:54:46,331 [1] INFO  RepositoryPerformance - Finding all performances for the day: 2022-06-22.
2022-03-24 11:54:46,333 [1] INFO  RepositoryPerformance - Sold tickets.
2022-03-24 11:54:46,334 [1] INFO  RepositoryPerformance - 2
2022-03-24 11:54:46,334 [1] INFO  RepositoryPerformance - Exit FindAll for a day.
2022-03-24 12:30:05,086 [1] INFO  RepositoryUser - Creating RepositoryUser.
2022-03-24 12:30:05,135 [1] INFO  RepositoryUser - Finding user with ID: 1.
2022-03-24 12:30:05,271 [1] INFO  RepositoryUser - Found user: MusicFestivalMPP.model.User.
2022-03-24 12:30:05,274 [1] INFO  RepositoryPerformance - Creating RepositoryPerformance.
2022-03-24 12:30:05,275 [1] INFO  RepositoryUser - Creating RepositoryTicket.
2022-03-24 12:30:05,275 [1] INFO  RepositoryPerformance - Finding performance with ID: 30.
2022-03-24 12:30:05,277 [1] INFO  RepositoryPerformance - Sold tickets.
2022-03-24 12:30:05,279 [1] INFO  RepositoryPerformance - 2
2022-03-24 12:30:05,279 [1] INFO  RepositoryPerformance - Found performance: EC live at 22/06/2022 19:00 in Bontida, available seats: 1998 sold seats: 2.
2022-03-24 12:30:05,280 [1] INFO  RepositoryUser - Finding performance for the ticket with ID: 36.
2022-03-24 12:30:05,281 [1] INFO  RepositoryUser - Sold tickets.
2022-03-24 12:30:05,281 [1] INFO  RepositoryUser - 0
2022-03-24 12:30:05,281 [1] INFO  RepositoryUser - Found performance: EC live at 22/06/2022 19:00 in Bontida, available seats: 2000 sold seats: 0.
2022-03-24 12:30:05,282 [1] INFO  RepositoryPerformance - Finding all performances for the day: 2022-06-22.
2022-03-24 12:30:05,284 [1] INFO  RepositoryPerformance - Sold tickets.
2022-03-24 12:30:05,285 [1] INFO  RepositoryPerformance - 2
2022-03-24 12:30:05,287 [1] INFO  RepositoryPerformance - Exit FindAll for a day.
2022-03-24 12:30:08,903 [1] INFO  RepositoryUser - Creating RepositoryUser.
2022-03-24 12:30:08,917 [1] INFO  RepositoryUser - Finding user with ID: 1.
2022-03-24 12:30:09,000 [1] INFO  RepositoryUser - Found user: MusicFestivalMPP.model.User.
2022-03-24 12:30:09,003 [1] INFO  RepositoryPerformance - Creating RepositoryPerformance.
2022-03-24 12:30:09,004 [1] INFO  RepositoryUser - Creating RepositoryTicket.
2022-03-24 12:30:09,004 [1] INFO  RepositoryPerformance - Finding performance with ID: 30.
2022-03-24 12:30:09,008 [1] INFO  RepositoryPerformance - Sold tickets.
2022-03-24 12:30:09,009 [1] INFO  RepositoryPerformance - 2
2022-03-24 12:30:09,010 [1] INFO  RepositoryPerformance - Found performance: EC live at 22/06/2022 19:00 in Bontida, available seats: 1998 sold seats: 2.
2022-03-24 12:30:09,010 [1] INFO  RepositoryUser - Finding performance for the ticket with ID: 36.
2022-03-24 12:30:09,011 [1] INFO  RepositoryUser - Sold tickets.
2022-03-24 12:30:09,011 [1] INFO  RepositoryUser - 0
2022-03-24 12:30:09,011 [1] INFO  RepositoryUser - Found performance: EC live at 22/06/2022 19:00 in Bontida, available seats: 2000 sold seats: 0.
2022-03-24 12:30:09,012 [1] INFO  RepositoryPerformance - Finding all performances for the day: 2022-06-22.
2022-03-24 12:30:09,013 [1] INFO  RepositoryPerformance - Sold tickets.
2022-03-24 12:30:09,013 [1] INFO  RepositoryPerformance - 2
2022-03-24 12:30:09,013 [1] INFO  RepositoryPerformance - Exit FindAll for a day.
